[debug] [2020-01-10T16:43:24.279Z] ----------------------------------------------------------------------
[debug] [2020-01-10T16:43:24.281Z] Command:       C:\Program Files\nodejs\node.exe C:\Users\Thierno\AppData\Roaming\npm\node_modules\firebase-tools\lib\bin\firebase.js serve
[debug] [2020-01-10T16:43:24.281Z] CLI Version:   7.11.0
[debug] [2020-01-10T16:43:24.281Z] Platform:      win32
[debug] [2020-01-10T16:43:24.281Z] Node Version:  v10.16.3
[debug] [2020-01-10T16:43:24.410Z] Time:          Fri Jan 10 2020 17:43:24 GMT+0100 (GMT+01:00)
[debug] [2020-01-10T16:43:24.411Z] ----------------------------------------------------------------------
[debug] [2020-01-10T16:43:24.411Z] 
[debug] [2020-01-10T16:43:24.485Z] > command requires scopes: ["email","openid","https://www.googleapis.com/auth/cloudplatformprojects.readonly","https://www.googleapis.com/auth/firebase","https://www.googleapis.com/auth/cloud-platform"]
[debug] [2020-01-10T16:43:24.485Z] > authorizing via signed-in user
[debug] [2020-01-10T16:43:24.486Z] [iam] checking project prismaticos-ebe3f for permissions ["firebase.projects.get"]
[debug] [2020-01-10T16:43:24.487Z] >>> HTTP REQUEST POST https://cloudresourcemanager.googleapis.com/v1/projects/prismaticos-ebe3f:testIamPermissions  

[debug] [2020-01-10T16:43:25.022Z] <<< HTTP RESPONSE 200
[debug] [2020-01-10T16:43:25.023Z] >>> HTTP REQUEST GET https://firebase.googleapis.com/v1beta1/projects/prismaticos-ebe3f  
 
[debug] [2020-01-10T16:43:25.317Z] <<< HTTP RESPONSE 200
[info] 
[info] === Serving from 'C:\Users\Thierno\Documents\Git\DAAR_WebProject'...
[info] 
[debug] [2020-01-10T16:43:25.323Z] >>> HTTP REQUEST GET https://firebase.googleapis.com/v1beta1/projects/prismaticos-ebe3f/webApps/-/config  
 
[debug] [2020-01-10T16:43:26.051Z] <<< HTTP RESPONSE 200
[info] i  hosting: Serving hosting files from: public
[info] +  hosting: Local server: http://localhost:5000
[warn] !  Your requested "node" version "8" doesn't match your global version "10"
[info] +  functions: Emulator started at http://localhost:5001
[info] i  functions: Watching "C:\Users\Thierno\Documents\Git\DAAR_WebProject\functions" for Cloud Functions...
[debug] [2020-01-10T16:43:26.965Z] [worker-pool] addWorker(~diagnostic~)
[debug] [2020-01-10T16:43:26.965Z] [worker-pool] Adding worker with key ~diagnostic~, total=1
[debug] [2020-01-10T16:43:26.966Z] [worker-pool] submitWork(triggerId=)
[debug] [2020-01-10T16:43:26.966Z] [worker-~diagnostic~-dc74e75c-087b-446a-91c9-fb7b9a0e872a]: Assigning socketPath: \\?\pipe\C:\Users\Thierno\Documents\Git\DAAR_WebProject\functions\3956
[debug] [2020-01-10T16:43:26.966Z] [worker-~diagnostic~-dc74e75c-087b-446a-91c9-fb7b9a0e872a]: BUSY
[debug] [2020-01-10T16:43:27.445Z] [runtime-status] [3956] Functions runtime initialized. {"cwd":"C:\\Users\\Thierno\\Documents\\Git\\DAAR_WebProject\\functions","node_version":"10.16.3"}
[debug] [2020-01-10T16:43:27.446Z] [runtime-status] [3956] Disabled runtime features: {"functions_config_helper":true,"network_filtering":true,"timeout":true,"memory_limiting":true,"admin_stubs":true,"pubsub_emulator":true}
[debug] [2020-01-10T16:43:27.506Z] [runtime-status] [3956] Resolved module firebase-admin {"declared":true,"installed":true,"version":"8.8.0","resolution":"C:\\Users\\Thierno\\Documents\\Git\\DAAR_WebProject\\functions\\node_modules\\firebase-admin\\lib\\index.js"}
[debug] [2020-01-10T16:43:27.547Z] [runtime-status] [3956] Resolved module firebase-functions {"declared":true,"installed":true,"version":"3.3.0","resolution":"C:\\Users\\Thierno\\Documents\\Git\\DAAR_WebProject\\functions\\node_modules\\firebase-functions\\lib\\index.js"}
[debug] [2020-01-10T16:43:27.548Z] [runtime-status] [3956] Resolved module firebase-functions {"declared":true,"installed":true,"version":"3.3.0","resolution":"C:\\Users\\Thierno\\Documents\\Git\\DAAR_WebProject\\functions\\node_modules\\firebase-functions\\lib\\index.js"}
[debug] [2020-01-10T16:43:29.948Z] Unsupported trigger: {"regions":["europe-west2"],"timeout":"540s","availableMemoryMb":1024,"eventTrigger":{"resource":"projects/_/buckets/prismaticos-ebe3f.appspot.com","eventType":"google.storage.object.finalize","service":"storage.googleapis.com"},"name":"storageTreat","entryPoint":"storageTreat"}
[info] +  functions[allBooks]: http function initialized (http://localhost:5001/prismaticos-ebe3f/europe-west2/allBooks).
[info] +  functions[getBook]: http function initialized (http://localhost:5001/prismaticos-ebe3f/europe-west2/getBook).
[info] +  functions[deleteBook]: http function initialized (http://localhost:5001/prismaticos-ebe3f/europe-west2/deleteBook).
[info] +  functions[search]: http function initialized (http://localhost:5001/prismaticos-ebe3f/europe-west2/search).
[info] +  functions[suggestUsingCloseness]: http function initialized (http://localhost:5001/prismaticos-ebe3f/europe-west2/suggestUsingCloseness).
[info] +  functions[suggestUsingPagerank]: http function initialized (http://localhost:5001/prismaticos-ebe3f/europe-west2/suggestUsingPagerank).
[info] +  functions[getTitleFromId]: http function initialized (http://localhost:5001/prismaticos-ebe3f/europe-west2/getTitleFromId).
[info] +  functions[getIdFromTitle]: http function initialized (http://localhost:5001/prismaticos-ebe3f/europe-west2/getIdFromTitle).
[info] i  functions[storageTreat]: function ignored because the storage.googleapis.com emulator does not exist or is not running.
[debug] [2020-01-10T16:43:29.957Z] [worker-~diagnostic~-dc74e75c-087b-446a-91c9-fb7b9a0e872a]: IDLE
